<?xml version="1.0" encoding="UTF-8"?>
<!-- Generated by org.testng.reporters.JUnitReportReporter -->
<testsuite skipped="0" hostname="Yuris-MacBook-Pro.local" name="enheritance.EnheitanceTest" tests="1" failures="0" timestamp="10 Dec 2017 22:20:26 GMT" time="30.502" errors="0">
  <testcase name="f" time="30.502" classname="enheritance.EnheitanceTest"/>
</testsuite> <!-- enheritance.EnheitanceTest -->
