<?xml version="1.0" encoding="UTF-8"?>
<!-- Generated by org.testng.reporters.JUnitReportReporter -->
<testsuite skipped="0" hostname="Yuris-MacBook-Pro.local" name="enacapsulation.NewTest" tests="1" failures="0" timestamp="02 Dec 2017 21:47:59 GMT" time="30.680" errors="0">
  <testcase name="f" time="30.680" classname="enacapsulation.NewTest"/>
</testsuite> <!-- enacapsulation.NewTest -->
