<?xml version="1.0" encoding="UTF-8"?>
<!-- Generated by org.testng.reporters.JUnitReportReporter -->
<testsuite skipped="0" hostname="Yuris-MacBook-Pro.local" name="polymorphism.PolyTest" tests="1" failures="0" timestamp="11 Dec 2017 00:09:28 GMT" time="10.561" errors="0">
  <testcase name="userNameVerification" time="10.561" classname="polymorphism.PolyTest"/>
</testsuite> <!-- polymorphism.PolyTest -->
